<?xml version="1.0" encoding="UTF-8"?>
<testsuite xmlns:xsi="http://www.w3.org/2001/XMLSchema-instance" xsi:noNamespaceSchemaLocation="https://maven.apache.org/surefire/maven-surefire-plugin/xsd/surefire-test-report-3.0.xsd" version="3.0" name="com.example.dynamic.DynamicClassGenerationTest" time="3.298" tests="4" errors="0" skipped="0" failures="0">
  <properties>
[...]
</properties>
  <testcase name="testMultipleClassGenerationWithCaching" classname="com.example.dynamic.DynamicClassGenerationTest" time="1.529">
    <system-out><![CDATA[13:19:42.223 [main] INFO org.springframework.test.context.support.AnnotationConfigContextLoaderUtils -- Could not detect default configuration classes for test class [com.example.dynamic.DynamicClassGenerationTest]: DynamicClassGenerationTest does not declare any static, non-private, non-final, nested classes annotated with @Configuration.
13:19:42.310 [main] INFO org.springframework.boot.test.context.SpringBootTestContextBootstrapper -- Found @SpringBootConfiguration com.example.MyFirstRepoApplication for test class com.example.dynamic.DynamicClassGenerationTest

  .   ____          _            __ _ _
 /\\ / ___'_ __ _ _(_)_ __  __ _ \ \ \ \
( ( )\___ | '_ | '_| | '_ \/ _` | \ \ \ \
 \\/  ___)| |_)| | | | | || (_| |  ) ) ) )
  '  |____| .__|_| |_|_| |_\__, | / / / /
 =========|_|==============|___/=/_/_/_/
 :: Spring Boot ::                (v3.2.0)

2025-12-17T13:19:42.625+01:00  INFO 30400 --- [           main] c.e.dynamic.DynamicClassGenerationTest   : Starting DynamicClassGenerationTest using Java 21.0.6 with PID 30400 (started by FPDI42 in C:\Users\fpdi42\OneDrive - Folksam\Visual Studio Code\MyFirstRepo)
2025-12-17T13:19:42.626+01:00  INFO 30400 --- [           main] c.e.dynamic.DynamicClassGenerationTest   : No active profile set, falling back to 1 default profile: "default"
2025-12-17T13:19:43.356+01:00  INFO 30400 --- [           main] c.e.dynamic.groovy.DynamicClassLoader    : DynamicClassLoader initialiserad
2025-12-17T13:19:43.721+01:00  INFO 30400 --- [           main] c.e.dynamic.DynamicClassGenerationTest   : Started DynamicClassGenerationTest in 1.311 seconds (process running for 2.416)
2025-12-17T13:19:44.570+01:00  INFO 30400 --- [           main] c.e.dynamic.groovy.DynamicClassLoader    : DynamicClassLoader initialiserad
2025-12-17T13:19:44.571+01:00  INFO 30400 --- [           main] c.e.dynamic.groovy.DynamicClassService   : Validerar klasseskriptor: ClassDescriptor{className='TestClass0', packageName='com.example.dynamic.generated.test', fields=[FieldDefinition{name='field0', type='String', required=true, defaultValue='null'}]}
2025-12-17T13:19:44.574+01:00  INFO 30400 --- [           main] c.e.d.security.ClassDescriptorValidator  : ClassDescriptor validerad framgångsrikt: com.example.dynamic.generated.test.TestClass0
2025-12-17T13:19:44.574+01:00  INFO 30400 --- [           main] c.e.dynamic.groovy.DynamicClassService   : Groovy-källkod genererad för: com.example.dynamic.generated.test.TestClass0
2025-12-17T13:19:45.173+01:00  INFO 30400 --- [           main] c.e.dynamic.groovy.DynamicClassLoader    : Klass kompilerad och cachad framgångsrikt: com.example.dynamic.generated.test.TestClass0
2025-12-17T13:19:45.175+01:00  INFO 30400 --- [           main] c.e.dynamic.groovy.DynamicClassService   : Klass framgångsrikt genererad: com.example.dynamic.generated.test.TestClass0
2025-12-17T13:19:45.177+01:00  INFO 30400 --- [           main] c.e.dynamic.groovy.DynamicClassService   : Validerar klasseskriptor: ClassDescriptor{className='TestClass1', packageName='com.example.dynamic.generated.test', fields=[FieldDefinition{name='field1', type='String', required=true, defaultValue='null'}]}
2025-12-17T13:19:45.178+01:00  INFO 30400 --- [           main] c.e.d.security.ClassDescriptorValidator  : ClassDescriptor validerad framgångsrikt: com.example.dynamic.generated.test.TestClass1
2025-12-17T13:19:45.178+01:00  INFO 30400 --- [           main] c.e.dynamic.groovy.DynamicClassService   : Groovy-källkod genererad för: com.example.dynamic.generated.test.TestClass1
2025-12-17T13:19:45.193+01:00  INFO 30400 --- [           main] c.e.dynamic.groovy.DynamicClassLoader    : Klass kompilerad och cachad framgångsrikt: com.example.dynamic.generated.test.TestClass1
2025-12-17T13:19:45.193+01:00  INFO 30400 --- [           main] c.e.dynamic.groovy.DynamicClassService   : Klass framgångsrikt genererad: com.example.dynamic.generated.test.TestClass1
2025-12-17T13:19:45.193+01:00  INFO 30400 --- [           main] c.e.dynamic.groovy.DynamicClassService   : Validerar klasseskriptor: ClassDescriptor{className='TestClass2', packageName='com.example.dynamic.generated.test', fields=[FieldDefinition{name='field2', type='String', required=true, defaultValue='null'}]}
2025-12-17T13:19:45.194+01:00  INFO 30400 --- [           main] c.e.d.security.ClassDescriptorValidator  : ClassDescriptor validerad framgångsrikt: com.example.dynamic.generated.test.TestClass2
2025-12-17T13:19:45.194+01:00  INFO 30400 --- [           main] c.e.dynamic.groovy.DynamicClassService   : Groovy-källkod genererad för: com.example.dynamic.generated.test.TestClass2
2025-12-17T13:19:45.207+01:00  INFO 30400 --- [           main] c.e.dynamic.groovy.DynamicClassLoader    : Klass kompilerad och cachad framgångsrikt: com.example.dynamic.generated.test.TestClass2
2025-12-17T13:19:45.208+01:00  INFO 30400 --- [           main] c.e.dynamic.groovy.DynamicClassService   : Klass framgångsrikt genererad: com.example.dynamic.generated.test.TestClass2
2025-12-17T13:19:45.208+01:00  INFO 30400 --- [           main] c.e.dynamic.groovy.DynamicClassService   : Validerar klasseskriptor: ClassDescriptor{className='Person', packageName='com.example.dynamic.generated', fields=[FieldDefinition{name='firstName', type='String', required=true, defaultValue='null'}, FieldDefinition{name='lastName', type='String', required=true, defaultValue='null'}, FieldDefinition{name='age', type='int', required=false, defaultValue='null'}, FieldDefinition{name='address', type='String', required=false, defaultValue='null'}]}
2025-12-17T13:19:45.208+01:00  INFO 30400 --- [           main] c.e.d.security.ClassDescriptorValidator  : ClassDescriptor validerad framgångsrikt: com.example.dynamic.generated.Person
2025-12-17T13:19:45.208+01:00  INFO 30400 --- [           main] c.e.dynamic.groovy.DynamicClassService   : Groovy-källkod genererad för: com.example.dynamic.generated.Person
2025-12-17T13:19:45.239+01:00  INFO 30400 --- [           main] c.e.dynamic.groovy.DynamicClassLoader    : Klass kompilerad och cachad framgångsrikt: com.example.dynamic.generated.Person
2025-12-17T13:19:45.239+01:00  INFO 30400 --- [           main] c.e.dynamic.groovy.DynamicClassService   : Klass framgångsrikt genererad: com.example.dynamic.generated.Person

=== CACHE EFTER GENERERING AV 4 KLASSER ===
CacheStats{classCount=4, sourceCodeCount=4}
2025-12-17T13:19:45.241+01:00  INFO 30400 --- [           main] c.e.dynamic.groovy.DynamicClassLoader    : Rensar DynamicClassLoader-cache
]]></system-out>
    <system-err><![CDATA[WARNING: A Java agent has been loaded dynamically (C:\Users\fpdi42\.m2\repository\net\bytebuddy\byte-buddy-agent\1.14.10\byte-buddy-agent-1.14.10.jar)
WARNING: If a serviceability tool is in use, please run with -XX:+EnableDynamicAgentLoading to hide this warning
WARNING: If a serviceability tool is not in use, please run with -Djdk.instrument.traceUsage for more information
WARNING: Dynamic loading of agents will be disallowed by default in a future release
]]></system-err>
  </testcase>
  <testcase name="testPersonClassGenerationAndXmlMarshalling" classname="com.example.dynamic.DynamicClassGenerationTest" time="0.088">
    <system-out><![CDATA[2025-12-17T13:19:45.271+01:00  INFO 30400 --- [           main] c.e.dynamic.groovy.DynamicClassLoader    : DynamicClassLoader initialiserad
2025-12-17T13:19:45.271+01:00  INFO 30400 --- [           main] c.e.dynamic.groovy.DynamicClassService   : Validerar klasseskriptor: ClassDescriptor{className='Person', packageName='com.example.dynamic.generated', fields=[FieldDefinition{name='firstName', type='String', required=true, defaultValue='null'}, FieldDefinition{name='lastName', type='String', required=true, defaultValue='null'}, FieldDefinition{name='age', type='int', required=false, defaultValue='null'}, FieldDefinition{name='address', type='String', required=false, defaultValue='null'}]}
2025-12-17T13:19:45.272+01:00  INFO 30400 --- [           main] c.e.d.security.ClassDescriptorValidator  : ClassDescriptor validerad framgångsrikt: com.example.dynamic.generated.Person
2025-12-17T13:19:45.272+01:00  INFO 30400 --- [           main] c.e.dynamic.groovy.DynamicClassService   : Groovy-källkod genererad för: com.example.dynamic.generated.Person
2025-12-17T13:19:45.291+01:00  INFO 30400 --- [           main] c.e.dynamic.groovy.DynamicClassLoader    : Klass kompilerad och cachad framgångsrikt: com.example.dynamic.generated.Person
2025-12-17T13:19:45.292+01:00  INFO 30400 --- [           main] c.e.dynamic.groovy.DynamicClassService   : Klass framgångsrikt genererad: com.example.dynamic.generated.Person

=== GENERERAD GROOVY-KÄLLKOD ===
package com.example.dynamic.generated

import jakarta.xml.bind.annotation.XmlRootElement
import jakarta.xml.bind.annotation.XmlElement
import com.fasterxml.jackson.annotation.JsonProperty
import java.time.LocalDate
import java.time.LocalDateTime
import java.math.BigDecimal

@XmlRootElement(name = "Person")
class Person {

    @JsonProperty("firstName")
    @XmlElement(name = "firstName")
    private String firstName

    @JsonProperty("lastName")
    @XmlElement(name = "lastName")
    private String lastName

    @JsonProperty("age")
    @XmlElement(name = "age")
    private int age

    @JsonProperty("address")
    @XmlElement(name = "address")
    private String address

    Person() {
    }

    String getFirstName() {
        return this.firstName
    }

    void setFirstName(String firstName) {
        this.firstName = firstName
    }

    String getLastName() {
        return this.lastName
    }

    void setLastName(String lastName) {
        this.lastName = lastName
    }

    int getAge() {
        return this.age
    }

    void setAge(int age) {
        this.age = age
    }

    String getAddress() {
        return this.address
    }

    void setAddress(String address) {
        this.address = address
    }

    @Override
    String toString() {
        return "Person{" +
            "firstName=" + firstName + ", " +
            "lastName=" + lastName + ", " +
            "age=" + age + ", " +
            "address=" + address +
            "}"
    }

    @Override
    boolean equals(Object o) {
        if (this === o) return true
        if (!(o instanceof Person)) return false
        Person that = (Person) o
        if (firstName != that.firstName) return false
        if (lastName != that.lastName) return false
        if (age != that.age) return false
        if (address != that.address) return false
        return true
    }

    @Override
    int hashCode() {
        return Objects.hash(firstName, lastName, age, address)
    }

}

2025-12-17T13:19:45.310+01:00  INFO 30400 --- [           main] c.e.dynamic.groovy.DynamicClassService   : Laddar klass: com.example.dynamic.generated.Person
2025-12-17T13:19:45.316+01:00  INFO 30400 --- [           main] c.e.dynamic.groovy.DynamicClassService   : Instans skapad för: com.example.dynamic.generated.Person
2025-12-17T13:19:45.318+01:00  INFO 30400 --- [           main] c.e.dynamic.groovy.DynamicClassService   : JSON-data mappad till objektet
2025-12-17T13:19:45.354+01:00  INFO 30400 --- [           main] c.e.dynamic.groovy.DynamicClassService   : Objekt marshallat till XML framgångsrikt

=== MARSHALLAD XML ===
<Person>
  <firstName>John</firstName>
  <lastName>Doe</lastName>
  <age>30</age>
  <address>123 Main Street</address>
</Person>


=== CACHE STATISTICS ===
CacheStats{classCount=1, sourceCodeCount=1}
2025-12-17T13:19:45.354+01:00  INFO 30400 --- [           main] c.e.dynamic.groovy.DynamicClassLoader    : Rensar DynamicClassLoader-cache
]]></system-out>
  </testcase>
  <testcase name="testSecurityValidationForInvalidClassName" classname="com.example.dynamic.DynamicClassGenerationTest" time="0.003">
    <system-out><![CDATA[2025-12-17T13:19:45.358+01:00  INFO 30400 --- [           main] c.e.dynamic.groovy.DynamicClassLoader    : DynamicClassLoader initialiserad
2025-12-17T13:19:45.359+01:00  INFO 30400 --- [           main] c.e.dynamic.groovy.DynamicClassService   : Validerar klasseskriptor: ClassDescriptor{className='123Invalid', packageName='com.example.dynamic.generated', fields=[FieldDefinition{name='firstName', type='String', required=true, defaultValue='null'}, FieldDefinition{name='lastName', type='String', required=true, defaultValue='null'}, FieldDefinition{name='age', type='int', required=false, defaultValue='null'}, FieldDefinition{name='address', type='String', required=false, defaultValue='null'}]}
2025-12-17T13:19:45.359+01:00  INFO 30400 --- [           main] c.e.dynamic.groovy.DynamicClassLoader    : Rensar DynamicClassLoader-cache
]]></system-out>
  </testcase>
  <testcase name="testSecurityValidationForInvalidFieldType" classname="com.example.dynamic.DynamicClassGenerationTest" time="0.002">
    <system-out><![CDATA[2025-12-17T13:19:45.363+01:00  INFO 30400 --- [           main] c.e.dynamic.groovy.DynamicClassLoader    : DynamicClassLoader initialiserad
2025-12-17T13:19:45.363+01:00  INFO 30400 --- [           main] c.e.dynamic.groovy.DynamicClassService   : Validerar klasseskriptor: ClassDescriptor{className='Person', packageName='com.example.dynamic.generated', fields=[FieldDefinition{name='firstName', type='String', required=true, defaultValue='null'}, FieldDefinition{name='lastName', type='String', required=true, defaultValue='null'}, FieldDefinition{name='age', type='int', required=false, defaultValue='null'}, FieldDefinition{name='address', type='String', required=false, defaultValue='null'}, FieldDefinition{name='dangerous', type='Object', required=false, defaultValue='null'}]}
2025-12-17T13:19:45.364+01:00  INFO 30400 --- [           main] c.e.dynamic.groovy.DynamicClassLoader    : Rensar DynamicClassLoader-cache
]]></system-out>
  </testcase>
</testsuite>